<?xml version="1.0" encoding="UTF-8"?>
<!-- Generated by org.testng.reporters.JUnitXMLReporter -->
<testsuite ignored="2" hostname="ZSCHN01LP0032" failures="0" tests="2" name="Test" time="0.043" errors="0" timestamp="2024-02-10T13:52:50 IST">
  <testcase classname="testScripts.GropsDemo" name="addToCart" time="0.011"/>
  <testcase classname="testScripts.GroupsDemo1" name="logOut" time="0.0"/>
  <testcase classname="testScripts.GropsDemo" name="Login" time="0.0">
    <ignored/>
  </testcase> <!-- Login -->
  <testcase classname="testScripts.GropsDemo" name="SignUp" time="0.0">
    <ignored/>
  </testcase> <!-- SignUp -->
</testsuite> <!-- Test -->
