<?xml version="1.0" encoding="UTF-8"?>
<!-- Generated by org.testng.reporters.JUnitXMLReporter -->
<testsuite ignored="0" hostname="ZSCHN01LP0032" failures="0" tests="7" name="ModuleOneTest" time="19.155" errors="0" timestamp="2024-02-02T15:55:05 IST">
  <testcase classname="parallelScripts.SampleOneTest" name="testFour" time="2.776"/>
  <testcase classname="parallelScripts.SampleOneTest" name="testOne" time="1.863"/>
  <testcase classname="parallelScripts.SampleOneTest" name="testThree" time="2.255"/>
  <testcase classname="parallelScripts.SampleOneTest" name="testTwo" time="2.408"/>
  <testcase classname="parallelScripts.SampleTwoTest" name="testFour4" time="2.968"/>
  <testcase classname="parallelScripts.SampleTwoTest" name="testThree3" time="3.239"/>
  <testcase classname="parallelScripts.SampleTwoTest" name="testTwo2" time="3.604"/>
</testsuite> <!-- ModuleOneTest -->
