<?xml version="1.0" encoding="UTF-8"?>
<!-- Generated by org.testng.reporters.JUnitXMLReporter -->
<testsuite ignored="0" hostname="ZSCHN01LP0032" failures="0" tests="3" name="ModuleTwoTest" time="8.764" errors="0" timestamp="2024-02-02T15:55:14 IST">
  <testcase classname="parallelScripts.SampleThreeTest" name="testFour4" time="2.262"/>
  <testcase classname="parallelScripts.SampleThreeTest" name="testThree33" time="3.679"/>
  <testcase classname="parallelScripts.SampleThreeTest" name="testTwo22" time="2.819"/>
</testsuite> <!-- ModuleTwoTest -->
