<?xml version="1.0" encoding="UTF-8"?>
<testng-results ignored="0" total="1" passed="1" failed="0" skipped="0">
  <reporter-output>
  </reporter-output>
  <suite started-at="2024-02-10T16:26:03 IST" name="Default suite" finished-at="2024-02-10T16:26:03 IST" duration-ms="226">
    <groups>
    </groups>
    <test started-at="2024-02-10T16:26:03 IST" name="Default test" finished-at="2024-02-10T16:26:03 IST" duration-ms="226">
      <class name="testScripts.HomeWorkDB">
        <test-method is-config="true" signature="setUp()[pri:0, instance:testScripts.HomeWorkDB@49049a04]" started-at="2024-02-10T16:26:03 IST" name="setUp" finished-at="2024-02-10T16:26:03 IST" duration-ms="197" status="PASS">
          <reporter-output>
          </reporter-output>
        </test-method> <!-- setUp -->
        <test-method signature="test()[pri:0, instance:testScripts.HomeWorkDB@49049a04]" started-at="2024-02-10T16:26:03 IST" name="test" finished-at="2024-02-10T16:26:03 IST" duration-ms="7" status="PASS">
          <reporter-output>
          </reporter-output>
        </test-method> <!-- test -->
        <test-method is-config="true" signature="tearDown()[pri:0, instance:testScripts.HomeWorkDB@49049a04]" started-at="2024-02-10T16:26:03 IST" name="tearDown" finished-at="2024-02-10T16:26:03 IST" duration-ms="0" status="PASS">
          <reporter-output>
          </reporter-output>
        </test-method> <!-- tearDown -->
      </class> <!-- testScripts.HomeWorkDB -->
    </test> <!-- Default test -->
  </suite> <!-- Default suite -->
</testng-results>
